This is a log message: 42
Another log message: Hello, world!
This is a log message: 42
Another log message: Hello, world!


New session at: Fri Nov  3 20:42:42 2023
This is a log message: 42
Another log message: Hello, world!
[04-11-2023 10:18:25] [DEBUG] This is a debug message: 42
[04-11-2023 10:18:25] [INFO] This is an informational message: Hello, world!
[04-11-2023 10:18:25] [[31mERROR[0m] This is an error message: Something went wrong!
[04-11-2023 10:21:08] [DEBUG] This is a debug message: 42
[04-11-2023 10:21:08] [INFO] This is an informational message: Hello, world!
[04-11-2023 10:21:08] [[31mERROR[0m] This is an error message: Something went wrong!


New session started at 04-11-2023 10:26:30
[04-11-2023 10:26:30] [DEBUG] This is a debug message: 42
[04-11-2023 10:26:30] [INFO] This is an informational message: Hello, world!
[04-11-2023 10:26:30] [[31mERROR[0m] This is an error message: Something went wrong!


New session started at 04-11-2023 10:30:59
[04-11-2023 10:30:59] [INFO] new player created : d


New session started at 04-11-2023 10:32:58
[04-11-2023 10:32:58] [INFO] new player created : d


New session started at 04-11-2023 10:34:17
[04-11-2023 10:34:17] [INFO] Number of lines in file: 11

[04-11-2023 10:34:17] [INFO] new player created : d , test
[04-11-2023 10:34:17] [INFO] Number of lines in file: 4

[04-11-2023 10:34:17] [INFO] Number of lines in file: 7



New session started at 04-11-2023 10:37:12
[04-11-2023 10:37:12] [INFO] Number of lines in file: 11

[04-11-2023 10:37:12] [INFO] new player created : d , test
[04-11-2023 10:37:12] [INFO] Number of lines in file: 4

[04-11-2023 10:37:12] [INFO] Number of lines in file: 7



New session started at 04-11-2023 10:37:43
[04-11-2023 10:37:43] [INFO] Number of lines in file: 11

[04-11-2023 10:37:43] [INFO] new player created : d , test
[04-11-2023 10:37:43] [INFO] Number of lines in file: 4

[04-11-2023 10:37:43] [INFO] Number of lines in file: 7



New session started at 05-11-2023 19:29:54
[05-11-2023 19:29:54] [INFO] Number of lines in file: 11

[05-11-2023 19:29:54] [INFO] new player created : d , test


New session started at 05-11-2023 19:33:51
[05-11-2023 19:33:51] [INFO] Number of lines in file: 11

[05-11-2023 19:33:51] [INFO] new player created : d , test


New session started at 05-11-2023 19:36:18
[05-11-2023 19:36:18] [INFO] Number of lines in file: 11

[05-11-2023 19:36:18] [INFO] new player created : d , test
[05-11-2023 19:36:22] [INFO] Number of lines in file: 4

[05-11-2023 19:36:22] [INFO] Number of lines in file: 7



New session started at 05-11-2023 19:39:50
[05-11-2023 19:39:50] [INFO] Number of lines in file: 11

[05-11-2023 19:39:50] [INFO] new player created : d , test


New session started at 05-11-2023 19:40:14
[05-11-2023 19:40:14] [INFO] Number of lines in file: 11

[05-11-2023 19:40:14] [INFO] new player created : d , test
[05-11-2023 19:40:14] [INFO] Number of lines in file: 4

[05-11-2023 19:40:14] [INFO] Number of lines in file: 7



New session started at 05-11-2023 19:40:34
[05-11-2023 19:40:34] [INFO] Number of lines in file: 11

[05-11-2023 19:40:34] [INFO] new player created : d , test
[05-11-2023 19:40:34] [INFO] Number of lines in file: 4

[05-11-2023 19:40:34] [INFO] Number of lines in file: 7



New session started at 05-11-2023 19:45:33
[05-11-2023 19:45:33] [INFO] Number of lines in file: 11

[05-11-2023 19:45:33] [INFO] new player created : d , test
[05-11-2023 19:45:33] [INFO] Number of lines in file: 4

[05-11-2023 19:45:33] [INFO] Number of lines in file: 7



New session started at 05-11-2023 19:47:00
[05-11-2023 19:47:00] [INFO] Number of lines in file: 11

[05-11-2023 19:47:00] [INFO] new player created : d , test
[05-11-2023 19:47:00] [INFO] Number of lines in file: 4

[05-11-2023 19:47:00] [INFO] Number of lines in file: 7



New session started at 06-11-2023 20:44:12
[06-11-2023 20:44:12] [INFO] Number of lines in file: 11

[06-11-2023 20:44:12] [INFO] new player created : d , test
[06-11-2023 20:44:12] [INFO] Number of lines in file: 4

[06-11-2023 20:44:12] [INFO] Number of lines in file: 7



New session started at 06-11-2023 20:50:38
[06-11-2023 20:50:38] [INFO] Number of lines in file: 11

[06-11-2023 20:50:38] [INFO] new player created : d , test
[06-11-2023 20:50:38] [INFO] Number of lines in file: 4

[06-11-2023 20:50:38] [INFO] Number of lines in file: 7



New session started at 06-11-2023 20:53:31
[06-11-2023 20:53:31] [INFO] Number of lines in file: 11

[06-11-2023 20:53:31] [INFO] new player created : d , test
[06-11-2023 20:53:31] [INFO] Number of lines in file: 4

[06-11-2023 20:53:31] [INFO] Number of lines in file: 7



New session started at 06-11-2023 21:03:22
[06-11-2023 21:03:22] [INFO] Number of lines in file: 11

[06-11-2023 21:03:22] [INFO] new player created : d , test
[06-11-2023 21:03:22] [INFO] Number of lines in file: 4

[06-11-2023 21:03:22] [INFO] Number of lines in file: 7



New session started at 06-11-2023 21:04:11
[06-11-2023 21:04:11] [INFO] Number of lines in file: 11

[06-11-2023 21:04:11] [INFO] new player created : d , test
[06-11-2023 21:04:11] [INFO] Number of lines in file: 4

[06-11-2023 21:04:11] [INFO] Number of lines in file: 7



New session started at 06-11-2023 21:06:29
[06-11-2023 21:06:29] [INFO] Number of lines in file: 11

[06-11-2023 21:06:29] [INFO] new player created : d , test
[06-11-2023 21:06:29] [INFO] Number of lines in file: 4

[06-11-2023 21:06:29] [INFO] Number of lines in file: 7



New session started at 06-11-2023 21:06:49
[06-11-2023 21:06:49] [INFO] Number of lines in file: 11

[06-11-2023 21:06:49] [INFO] new player created : d , test
[06-11-2023 21:06:49] [INFO] Number of lines in file: 4

[06-11-2023 21:06:49] [INFO] Number of lines in file: 7



New session started at 06-11-2023 21:08:09
[06-11-2023 21:08:09] [INFO] Number of lines in file: 11

[06-11-2023 21:08:09] [INFO] new player created : d , test
[06-11-2023 21:08:09] [INFO] Number of lines in file: 4

[06-11-2023 21:08:09] [INFO] Number of lines in file: 7



New session started at 06-11-2023 21:08:23
[06-11-2023 21:08:23] [INFO] Number of lines in file: 11

[06-11-2023 21:08:23] [INFO] new player created : d , test
[06-11-2023 21:08:23] [INFO] Number of lines in file: 4

[06-11-2023 21:08:23] [INFO] Number of lines in file: 7



New session started at 06-11-2023 21:09:15
[06-11-2023 21:09:15] [INFO] Number of lines in file: 11

[06-11-2023 21:09:15] [INFO] new player created : d , test
[06-11-2023 21:09:15] [INFO] Number of lines in file: 4

[06-11-2023 21:09:15] [INFO] Number of lines in file: 7



New session started at 06-11-2023 21:10:44
[06-11-2023 21:10:44] [INFO] Number of lines in file: 11

[06-11-2023 21:10:44] [INFO] new player created : d , test
[06-11-2023 21:10:44] [INFO] Number of lines in file: 4

[06-11-2023 21:10:44] [INFO] Number of lines in file: 7



New session started at 06-11-2023 21:11:39
[06-11-2023 21:11:39] [INFO] Number of lines in file: 11

[06-11-2023 21:11:39] [INFO] new player created : d , test
[06-11-2023 21:11:39] [INFO] Number of lines in file: 4

[06-11-2023 21:11:39] [INFO] Number of lines in file: 7



New session started at 06-11-2023 21:12:10
[06-11-2023 21:12:10] [INFO] Number of lines in file: 11

[06-11-2023 21:12:10] [INFO] new player created : d , test
[06-11-2023 21:12:10] [INFO] Number of lines in file: 4

[06-11-2023 21:12:10] [INFO] Number of lines in file: 7



New session started at 06-11-2023 21:12:17
[06-11-2023 21:12:17] [INFO] Number of lines in file: 11

[06-11-2023 21:12:17] [INFO] new player created : d , test
[06-11-2023 21:12:17] [INFO] Number of lines in file: 4

[06-11-2023 21:12:17] [INFO] Number of lines in file: 7



New session started at 06-11-2023 21:12:19
[06-11-2023 21:12:19] [INFO] Number of lines in file: 11

[06-11-2023 21:12:19] [INFO] new player created : d , test
[06-11-2023 21:12:19] [INFO] Number of lines in file: 4

[06-11-2023 21:12:19] [INFO] Number of lines in file: 7



New session started at 06-11-2023 21:12:44
[06-11-2023 21:12:44] [INFO] Number of lines in file: 11

[06-11-2023 21:12:44] [INFO] new player created : d , test
[06-11-2023 21:12:44] [INFO] Number of lines in file: 4

[06-11-2023 21:12:44] [INFO] Number of lines in file: 7



New session started at 06-11-2023 21:14:12
[06-11-2023 21:14:12] [INFO] Number of lines in file: 11

[06-11-2023 21:14:12] [INFO] new player created : d , test
[06-11-2023 21:14:12] [INFO] Number of lines in file: 4

[06-11-2023 21:14:12] [INFO] Number of lines in file: 7



New session started at 06-11-2023 21:15:42
[06-11-2023 21:15:42] [INFO] Number of lines in file: 11

[06-11-2023 21:15:42] [INFO] new player created : d , test
[06-11-2023 21:15:42] [INFO] Number of lines in file: 4

[06-11-2023 21:15:42] [INFO] Number of lines in file: 7



New session started at 06-11-2023 21:16:40
[06-11-2023 21:16:40] [INFO] Number of lines in file: 11

[06-11-2023 21:16:40] [INFO] new player created : d , test
[06-11-2023 21:16:40] [INFO] Number of lines in file: 4

[06-11-2023 21:16:40] [INFO] Number of lines in file: 7



New session started at 06-11-2023 21:21:18
[06-11-2023 21:21:18] [INFO] Number of lines in file: 11

[06-11-2023 21:21:18] [INFO] new player created : d , test
[06-11-2023 21:21:18] [INFO] Number of lines in file: 4

[06-11-2023 21:21:18] [INFO] Number of lines in file: 7



New session started at 06-11-2023 21:22:11
[06-11-2023 21:22:11] [INFO] Number of lines in file: 11

[06-11-2023 21:22:11] [INFO] new player created : d , test
[06-11-2023 21:22:11] [INFO] Number of lines in file: 4

[06-11-2023 21:22:11] [INFO] Number of lines in file: 7



New session started at 06-11-2023 21:24:02
[06-11-2023 21:24:02] [INFO] Number of lines in file: 11

[06-11-2023 21:24:02] [INFO] new player created : d , test
[06-11-2023 21:24:02] [INFO] Number of lines in file: 4

[06-11-2023 21:24:02] [INFO] Number of lines in file: 7



New session started at 06-11-2023 21:25:01
[06-11-2023 21:25:01] [INFO] Number of lines in file: 11

[06-11-2023 21:25:01] [INFO] new player created : d , test
[06-11-2023 21:25:01] [INFO] Number of lines in file: 4

[06-11-2023 21:25:01] [INFO] Number of lines in file: 7



New session started at 06-11-2023 21:25:20
[06-11-2023 21:25:20] [INFO] Number of lines in file: 11

[06-11-2023 21:25:20] [INFO] new player created : d , test
[06-11-2023 21:25:20] [INFO] Number of lines in file: 4

[06-11-2023 21:25:20] [INFO] Number of lines in file: 7



New session started at 06-11-2023 21:26:18
[06-11-2023 21:26:18] [INFO] Number of lines in file: 11

[06-11-2023 21:26:18] [INFO] new player created : d , test
[06-11-2023 21:26:18] [INFO] Number of lines in file: 4

[06-11-2023 21:26:18] [INFO] Number of lines in file: 7



New session started at 06-11-2023 21:35:32
[06-11-2023 21:35:32] [INFO] Number of lines in file: 11

[06-11-2023 21:35:32] [INFO] new player created : d , test
[06-11-2023 21:35:32] [INFO] Number of lines in file: 4

[06-11-2023 21:35:32] [INFO] Number of lines in file: 7



New session started at 06-11-2023 21:45:25
[06-11-2023 21:45:25] [INFO] Number of lines in file: 11

[06-11-2023 21:45:25] [INFO] new player created : d , test
[06-11-2023 21:45:25] [INFO] Number of lines in file: 4

[06-11-2023 21:45:25] [INFO] Number of lines in file: 7



New session started at 06-11-2023 21:45:53
[06-11-2023 21:45:53] [INFO] Number of lines in file: 11

[06-11-2023 21:45:53] [INFO] new player created : d , test
[06-11-2023 21:45:53] [INFO] Number of lines in file: 4

[06-11-2023 21:45:53] [INFO] Number of lines in file: 7



New session started at 06-11-2023 21:46:41
[06-11-2023 21:46:41] [INFO] Number of lines in file: 11

[06-11-2023 21:46:41] [INFO] new player created : d , test
[06-11-2023 21:46:41] [INFO] Number of lines in file: 4

[06-11-2023 21:46:41] [INFO] Number of lines in file: 7



New session started at 06-11-2023 21:47:43
[06-11-2023 21:47:43] [INFO] Number of lines in file: 11

[06-11-2023 21:47:43] [INFO] new player created : d , test
[06-11-2023 21:47:43] [INFO] Number of lines in file: 4

[06-11-2023 21:47:43] [INFO] Number of lines in file: 7



New session started at 06-11-2023 21:48:09
[06-11-2023 21:48:09] [INFO] Number of lines in file: 11

[06-11-2023 21:48:09] [INFO] new player created : d , test
[06-11-2023 21:48:09] [INFO] Number of lines in file: 4

[06-11-2023 21:48:09] [INFO] Number of lines in file: 7



New session started at 06-11-2023 21:48:42
[06-11-2023 21:48:42] [INFO] Number of lines in file: 11

[06-11-2023 21:48:42] [INFO] new player created : d , test
[06-11-2023 21:48:42] [INFO] Number of lines in file: 4

[06-11-2023 21:48:42] [INFO] Number of lines in file: 7



New session started at 06-11-2023 21:51:49
[06-11-2023 21:51:49] [INFO] Number of lines in file: 11

[06-11-2023 21:51:49] [INFO] new player created : d , test
[06-11-2023 21:51:49] [INFO] Number of lines in file: 4

[06-11-2023 21:51:49] [INFO] Number of lines in file: 7



New session started at 06-11-2023 21:51:56
[06-11-2023 21:51:56] [INFO] Number of lines in file: 11

[06-11-2023 21:51:56] [INFO] new player created : d , test
[06-11-2023 21:51:56] [INFO] Number of lines in file: 4

[06-11-2023 21:51:56] [INFO] Number of lines in file: 7



New session started at 06-11-2023 21:52:00
[06-11-2023 21:52:00] [INFO] Number of lines in file: 11

[06-11-2023 21:52:00] [INFO] new player created : d , test
[06-11-2023 21:52:00] [INFO] Number of lines in file: 4

[06-11-2023 21:52:00] [INFO] Number of lines in file: 7



New session started at 06-11-2023 21:52:03
[06-11-2023 21:52:03] [INFO] Number of lines in file: 11

[06-11-2023 21:52:03] [INFO] new player created : d , test
[06-11-2023 21:52:03] [INFO] Number of lines in file: 4

[06-11-2023 21:52:03] [INFO] Number of lines in file: 7



New session started at 06-11-2023 21:52:09
[06-11-2023 21:52:09] [INFO] Number of lines in file: 11

[06-11-2023 21:52:09] [INFO] new player created : d , test
[06-11-2023 21:52:09] [INFO] Number of lines in file: 4

[06-11-2023 21:52:09] [INFO] Number of lines in file: 7



New session started at 06-11-2023 21:52:12
[06-11-2023 21:52:12] [INFO] Number of lines in file: 11

[06-11-2023 21:52:12] [INFO] new player created : d , test
[06-11-2023 21:52:12] [INFO] Number of lines in file: 4

[06-11-2023 21:52:12] [INFO] Number of lines in file: 7



New session started at 06-11-2023 21:52:16
[06-11-2023 21:52:16] [INFO] Number of lines in file: 11

[06-11-2023 21:52:16] [INFO] new player created : d , test
[06-11-2023 21:52:16] [INFO] Number of lines in file: 4

[06-11-2023 21:52:16] [INFO] Number of lines in file: 7



New session started at 06-11-2023 21:52:18
[06-11-2023 21:52:18] [INFO] Number of lines in file: 11

[06-11-2023 21:52:18] [INFO] new player created : d , test
[06-11-2023 21:52:18] [INFO] Number of lines in file: 4

[06-11-2023 21:52:18] [INFO] Number of lines in file: 7



New session started at 06-11-2023 21:53:05
[06-11-2023 21:53:05] [INFO] Number of lines in file: 11

[06-11-2023 21:53:05] [INFO] new player created : d , test
[06-11-2023 21:53:05] [INFO] Number of lines in file: 4

[06-11-2023 21:53:05] [INFO] Number of lines in file: 7



New session started at 06-11-2023 21:53:12
[06-11-2023 21:53:12] [INFO] Number of lines in file: 11

[06-11-2023 21:53:12] [INFO] new player created : d , test
[06-11-2023 21:53:12] [INFO] Number of lines in file: 4

[06-11-2023 21:53:12] [INFO] Number of lines in file: 7



New session started at 06-11-2023 21:53:26
[06-11-2023 21:53:26] [INFO] Number of lines in file: 11

[06-11-2023 21:53:26] [INFO] new player created : d , test
[06-11-2023 21:53:26] [INFO] Number of lines in file: 4

[06-11-2023 21:53:26] [INFO] Number of lines in file: 7



New session started at 06-11-2023 21:53:30
[06-11-2023 21:53:30] [INFO] Number of lines in file: 11

[06-11-2023 21:53:30] [INFO] new player created : d , test
[06-11-2023 21:53:30] [INFO] Number of lines in file: 4

[06-11-2023 21:53:30] [INFO] Number of lines in file: 7



New session started at 06-11-2023 21:53:34
[06-11-2023 21:53:34] [INFO] Number of lines in file: 11

[06-11-2023 21:53:34] [INFO] new player created : d , test
[06-11-2023 21:53:34] [INFO] Number of lines in file: 4

[06-11-2023 21:53:34] [INFO] Number of lines in file: 7



New session started at 06-11-2023 21:53:38
[06-11-2023 21:53:38] [INFO] Number of lines in file: 11

[06-11-2023 21:53:38] [INFO] new player created : d , test
[06-11-2023 21:53:38] [INFO] Number of lines in file: 4

[06-11-2023 21:53:38] [INFO] Number of lines in file: 7



New session started at 06-11-2023 21:53:40
[06-11-2023 21:53:40] [INFO] Number of lines in file: 11

[06-11-2023 21:53:40] [INFO] new player created : d , test
[06-11-2023 21:53:40] [INFO] Number of lines in file: 4

[06-11-2023 21:53:40] [INFO] Number of lines in file: 7



New session started at 06-11-2023 21:53:43
[06-11-2023 21:53:43] [INFO] Number of lines in file: 11

[06-11-2023 21:53:43] [INFO] new player created : d , test
[06-11-2023 21:53:43] [INFO] Number of lines in file: 4

[06-11-2023 21:53:43] [INFO] Number of lines in file: 7



New session started at 06-11-2023 21:53:48
[06-11-2023 21:53:48] [INFO] Number of lines in file: 11

[06-11-2023 21:53:48] [INFO] new player created : d , test
[06-11-2023 21:53:48] [INFO] Number of lines in file: 4

[06-11-2023 21:53:48] [INFO] Number of lines in file: 7



New session started at 06-11-2023 21:53:52
[06-11-2023 21:53:52] [INFO] Number of lines in file: 11

[06-11-2023 21:53:52] [INFO] new player created : d , test
[06-11-2023 21:53:52] [INFO] Number of lines in file: 4

[06-11-2023 21:53:52] [INFO] Number of lines in file: 7



New session started at 06-11-2023 21:54:43
[06-11-2023 21:54:43] [INFO] Number of lines in file: 11

[06-11-2023 21:54:43] [INFO] new player created : d , test
[06-11-2023 21:54:43] [INFO] Number of lines in file: 4

[06-11-2023 21:54:43] [INFO] Number of lines in file: 7



New session started at 06-11-2023 21:58:28
[06-11-2023 21:58:28] [INFO] Number of lines in file: 11

[06-11-2023 21:58:28] [INFO] new player created : d , test
[06-11-2023 21:58:28] [INFO] Number of lines in file: 4

[06-11-2023 21:58:28] [INFO] Number of lines in file: 7



New session started at 06-11-2023 22:02:08
[06-11-2023 22:02:08] [INFO] Number of lines in file: 11

[06-11-2023 22:02:08] [INFO] new player created : d , test
[06-11-2023 22:02:08] [INFO] Number of lines in file: 4

[06-11-2023 22:02:08] [INFO] Number of lines in file: 7



New session started at 06-11-2023 22:02:51
[06-11-2023 22:02:51] [INFO] Number of lines in file: 11

[06-11-2023 22:02:51] [INFO] new player created : d , test
[06-11-2023 22:02:51] [INFO] Number of lines in file: 4

[06-11-2023 22:02:51] [INFO] Number of lines in file: 7



New session started at 06-11-2023 22:03:13
[06-11-2023 22:03:13] [INFO] Number of lines in file: 11

[06-11-2023 22:03:13] [INFO] new player created : d , test
[06-11-2023 22:03:13] [INFO] Number of lines in file: 4

[06-11-2023 22:03:13] [INFO] Number of lines in file: 7



New session started at 06-11-2023 22:04:25
[06-11-2023 22:04:25] [INFO] Number of lines in file: 11

[06-11-2023 22:04:25] [INFO] new player created : d , test
[06-11-2023 22:04:25] [INFO] Number of lines in file: 4

[06-11-2023 22:04:25] [INFO] Number of lines in file: 7



New session started at 06-11-2023 22:04:30
[06-11-2023 22:04:30] [INFO] Number of lines in file: 11

[06-11-2023 22:04:30] [INFO] new player created : d , test
[06-11-2023 22:04:30] [INFO] Number of lines in file: 4

[06-11-2023 22:04:30] [INFO] Number of lines in file: 7



New session started at 06-11-2023 22:04:33
[06-11-2023 22:04:33] [INFO] Number of lines in file: 11

[06-11-2023 22:04:33] [INFO] new player created : d , test
[06-11-2023 22:04:33] [INFO] Number of lines in file: 4

[06-11-2023 22:04:33] [INFO] Number of lines in file: 7



New session started at 06-11-2023 22:04:35
[06-11-2023 22:04:35] [INFO] Number of lines in file: 11

[06-11-2023 22:04:35] [INFO] new player created : d , test
[06-11-2023 22:04:35] [INFO] Number of lines in file: 4

[06-11-2023 22:04:35] [INFO] Number of lines in file: 7



New session started at 06-11-2023 22:04:38
[06-11-2023 22:04:38] [INFO] Number of lines in file: 11

[06-11-2023 22:04:38] [INFO] new player created : d , test
[06-11-2023 22:04:38] [INFO] Number of lines in file: 4

[06-11-2023 22:04:38] [INFO] Number of lines in file: 7



New session started at 06-11-2023 22:04:41
[06-11-2023 22:04:41] [INFO] Number of lines in file: 11

[06-11-2023 22:04:41] [INFO] new player created : d , test
[06-11-2023 22:04:41] [INFO] Number of lines in file: 4

[06-11-2023 22:04:41] [INFO] Number of lines in file: 7



New session started at 06-11-2023 22:04:46
[06-11-2023 22:04:46] [INFO] Number of lines in file: 11

[06-11-2023 22:04:46] [INFO] new player created : d , test
[06-11-2023 22:04:46] [INFO] Number of lines in file: 4

[06-11-2023 22:04:46] [INFO] Number of lines in file: 7



New session started at 06-11-2023 22:10:52
[06-11-2023 22:10:52] [INFO] Number of lines in file: 11

[06-11-2023 22:10:52] [INFO] new player created : d , test
[06-11-2023 22:10:52] [INFO] Number of lines in file: 4

[06-11-2023 22:10:52] [INFO] Number of lines in file: 7



New session started at 06-11-2023 22:12:18
[06-11-2023 22:12:18] [INFO] Number of lines in file: 11

[06-11-2023 22:12:18] [INFO] new player created : d , test
[06-11-2023 22:12:18] [INFO] Number of lines in file: 4

[06-11-2023 22:12:18] [INFO] Number of lines in file: 7



New session started at 06-11-2023 22:12:31
[06-11-2023 22:12:31] [INFO] Number of lines in file: 11

[06-11-2023 22:12:31] [INFO] new player created : d , test
[06-11-2023 22:12:31] [INFO] Number of lines in file: 4

[06-11-2023 22:12:31] [INFO] Number of lines in file: 7



New session started at 06-11-2023 22:12:32
[06-11-2023 22:12:32] [INFO] Number of lines in file: 11

[06-11-2023 22:12:32] [INFO] new player created : d , test
[06-11-2023 22:12:32] [INFO] Number of lines in file: 4

[06-11-2023 22:12:32] [INFO] Number of lines in file: 7



New session started at 06-11-2023 22:13:30
[06-11-2023 22:13:30] [INFO] Number of lines in file: 11

[06-11-2023 22:13:30] [INFO] new player created : d , test
[06-11-2023 22:13:30] [INFO] Number of lines in file: 4

[06-11-2023 22:13:30] [INFO] Number of lines in file: 7



New session started at 06-11-2023 22:14:45
[06-11-2023 22:14:45] [INFO] Number of lines in file: 11

[06-11-2023 22:14:45] [INFO] new player created : d , test
[06-11-2023 22:14:45] [INFO] Number of lines in file: 4

[06-11-2023 22:14:45] [INFO] Number of lines in file: 7



New session started at 06-11-2023 22:16:11
[06-11-2023 22:17:36] [INFO] Number of lines in file: 11

[06-11-2023 22:17:38] [INFO] new player created : d , test
[06-11-2023 22:17:49] [INFO] Number of lines in file: 4

[06-11-2023 22:17:55] [INFO] Number of lines in file: 7



New session started at 06-11-2023 22:21:54
[06-11-2023 22:21:54] [INFO] Number of lines in file: 11

[06-11-2023 22:21:54] [INFO] new player created : d , test
[06-11-2023 22:21:54] [INFO] Number of lines in file: 4

[06-11-2023 22:21:54] [INFO] Number of lines in file: 7



New session started at 06-11-2023 22:22:51
[06-11-2023 22:22:51] [INFO] Number of lines in file: 11

[06-11-2023 22:22:51] [INFO] new player created : d , test
[06-11-2023 22:22:51] [INFO] Number of lines in file: 4

[06-11-2023 22:22:51] [INFO] Number of lines in file: 7



New session started at 06-11-2023 22:23:20
[06-11-2023 22:23:20] [INFO] Number of lines in file: 11

[06-11-2023 22:23:20] [INFO] new player created : d , test
[06-11-2023 22:23:20] [INFO] Number of lines in file: 4

[06-11-2023 22:23:20] [INFO] Number of lines in file: 7



New session started at 08-11-2023 22:45:11
[08-11-2023 22:45:11] [INFO] Number of lines in file: 11

[08-11-2023 22:45:11] [INFO] new player created : test , test
[08-11-2023 22:45:11] [INFO] Number of lines in file: 4

[08-11-2023 22:45:11] [INFO] Number of lines in file: 7



New session started at 08-11-2023 22:45:21
[08-11-2023 22:45:21] [INFO] Number of lines in file: 11

[08-11-2023 22:45:21] [INFO] new player created : test , test
[08-11-2023 22:45:21] [INFO] Number of lines in file: 4

[08-11-2023 22:45:21] [INFO] Number of lines in file: 7



New session started at 08-11-2023 22:45:28
[08-11-2023 22:45:28] [INFO] Number of lines in file: 11

[08-11-2023 22:45:28] [INFO] new player created : test , test
[08-11-2023 22:45:28] [INFO] Number of lines in file: 4

[08-11-2023 22:45:28] [INFO] Number of lines in file: 7



New session started at 08-11-2023 22:51:46
[08-11-2023 22:51:46] [INFO] Number of lines in file: 11

[08-11-2023 22:51:46] [INFO] new player created : test , test
[08-11-2023 22:51:46] [INFO] Number of lines in file: 4

[08-11-2023 22:51:46] [INFO] Number of lines in file: 7



New session started at 08-11-2023 22:51:52
[08-11-2023 22:51:52] [INFO] Number of lines in file: 11

[08-11-2023 22:51:52] [INFO] new player created : test , test
[08-11-2023 22:51:52] [INFO] Number of lines in file: 4

[08-11-2023 22:51:52] [INFO] Number of lines in file: 7



New session started at 08-11-2023 22:52:21
[08-11-2023 22:52:21] [INFO] Number of lines in file: 11

[08-11-2023 22:52:21] [INFO] new player created : test , test
[08-11-2023 22:52:21] [INFO] Number of lines in file: 4

[08-11-2023 22:52:21] [INFO] Number of lines in file: 7



New session started at 08-11-2023 22:52:27
[08-11-2023 22:52:27] [INFO] Number of lines in file: 11

[08-11-2023 22:52:27] [INFO] new player created : test , test
[08-11-2023 22:52:27] [INFO] Number of lines in file: 4

[08-11-2023 22:52:27] [INFO] Number of lines in file: 7



New session started at 08-11-2023 23:05:30
[08-11-2023 23:05:30] [INFO] Number of lines in file: 11

[08-11-2023 23:05:30] [INFO] new player created : test , test
[08-11-2023 23:05:30] [INFO] Number of lines in file: 4

[08-11-2023 23:05:30] [INFO] Number of lines in file: 7



New session started at 08-11-2023 23:09:15
[08-11-2023 23:09:15] [INFO] Number of lines in file: 11

[08-11-2023 23:09:15] [INFO] new player created : test , test
[08-11-2023 23:09:15] [INFO] Number of lines in file: 4

[08-11-2023 23:09:15] [INFO] Number of lines in file: 7



New session started at 08-11-2023 23:11:28
[08-11-2023 23:11:28] [INFO] Number of lines in file: 11

[08-11-2023 23:11:28] [INFO] new player created : test , test
[08-11-2023 23:11:28] [INFO] Number of lines in file: 4

[08-11-2023 23:11:28] [INFO] Number of lines in file: 7

[08-11-2023 23:11:31] [INFO] weapon equipped : basicSword --- slotnbr


New session started at 08-11-2023 23:12:21
[08-11-2023 23:12:21] [INFO] Number of lines in file: 11

[08-11-2023 23:12:21] [INFO] new player created : test , test
[08-11-2023 23:12:21] [INFO] Number of lines in file: 4

[08-11-2023 23:12:21] [INFO] Number of lines in file: 7

[08-11-2023 23:12:23] [INFO] weapon equipped : basicSword --- slotnbr 2


New session started at 08-11-2023 23:12:46
[08-11-2023 23:12:46] [INFO] Number of lines in file: 11

[08-11-2023 23:12:46] [INFO] new player created : test , test
[08-11-2023 23:12:46] [INFO] Number of lines in file: 4

[08-11-2023 23:12:46] [INFO] Number of lines in file: 7



New session started at 08-11-2023 23:14:37
[08-11-2023 23:14:37] [INFO] Number of lines in file: 11

[08-11-2023 23:14:37] [INFO] new player created : test , test
[08-11-2023 23:14:37] [INFO] Number of lines in file: 4

[08-11-2023 23:14:37] [INFO] Number of lines in file: 7



New session started at 08-11-2023 23:16:05
[08-11-2023 23:16:05] [INFO] Number of lines in file: 11

[08-11-2023 23:16:05] [INFO] new player created : test , test
[08-11-2023 23:16:05] [INFO] Number of lines in file: 4

[08-11-2023 23:16:05] [INFO] Number of lines in file: 7

[08-11-2023 23:17:14] [INFO] weapon equipped : basicSword --- slotnbr 2


New session started at 09-11-2023 21:43:16
[09-11-2023 21:43:16] [INFO] Number of lines in file: 11

[09-11-2023 21:43:16] [INFO] new player created : test , test
[09-11-2023 21:43:16] [INFO] Number of lines in file: 4

[09-11-2023 21:43:16] [INFO] Number of lines in file: 7

[09-11-2023 21:43:22] [INFO] weapon equipped : name --- slotnbr 2
[09-11-2023 21:43:33] [INFO] weapon equipped : basicSword --- slotnbr 0
[09-11-2023 21:43:34] [INFO] weapon equipped : name --- slotnbr 0
[09-11-2023 21:43:35] [INFO] weapon equipped : basicSword --- slotnbr 0
[09-11-2023 21:43:35] [INFO] weapon equipped : name --- slotnbr 0


New session started at 09-11-2023 22:05:24
[09-11-2023 22:05:24] [INFO] Number of lines in file: 11

[09-11-2023 22:05:24] [INFO] new player created : test , test
[09-11-2023 22:05:24] [INFO] Number of lines in file: 4

[09-11-2023 22:05:24] [INFO] Number of lines in file: 7



New session started at 09-11-2023 22:05:35
[09-11-2023 22:05:35] [INFO] Number of lines in file: 11

[09-11-2023 22:05:35] [INFO] new player created : test , test
[09-11-2023 22:05:35] [INFO] Number of lines in file: 4

[09-11-2023 22:05:35] [INFO] Number of lines in file: 7



New session started at 09-11-2023 22:06:55
[09-11-2023 22:06:55] [INFO] Number of lines in file: 11

[09-11-2023 22:06:55] [INFO] new player created : test , test
[09-11-2023 22:06:55] [INFO] Number of lines in file: 4

[09-11-2023 22:06:55] [INFO] Number of lines in file: 7



New session started at 09-11-2023 22:06:56
[09-11-2023 22:06:56] [INFO] Number of lines in file: 11

[09-11-2023 22:06:56] [INFO] new player created : test , test
[09-11-2023 22:06:56] [INFO] Number of lines in file: 4

[09-11-2023 22:06:56] [INFO] Number of lines in file: 7



New session started at 09-11-2023 22:07:13
[09-11-2023 22:07:13] [INFO] Number of lines in file: 11

[09-11-2023 22:07:13] [INFO] new player created : test , test
[09-11-2023 22:07:13] [INFO] Number of lines in file: 4

[09-11-2023 22:07:13] [INFO] Number of lines in file: 7



New session started at 09-11-2023 22:08:06
[09-11-2023 22:08:06] [INFO] Number of lines in file: 11

[09-11-2023 22:08:06] [INFO] new player created : test , test
[09-11-2023 22:08:06] [INFO] Number of lines in file: 4

[09-11-2023 22:08:06] [INFO] Number of lines in file: 7



New session started at 09-11-2023 22:08:15
[09-11-2023 22:08:15] [INFO] Number of lines in file: 11

[09-11-2023 22:08:15] [INFO] new player created : test , test
[09-11-2023 22:08:15] [INFO] Number of lines in file: 4

[09-11-2023 22:08:15] [INFO] Number of lines in file: 7



New session started at 09-11-2023 22:11:20
[09-11-2023 22:11:20] [INFO] Number of lines in file: 11

[09-11-2023 22:11:20] [INFO] new player created : test , test
[09-11-2023 22:11:20] [INFO] Number of lines in file: 4

[09-11-2023 22:11:20] [INFO] Number of lines in file: 7



New session started at 09-11-2023 22:11:22
[09-11-2023 22:11:22] [INFO] Number of lines in file: 11

[09-11-2023 22:11:22] [INFO] new player created : test , test
[09-11-2023 22:11:22] [INFO] Number of lines in file: 4

[09-11-2023 22:11:22] [INFO] Number of lines in file: 7



New session started at 09-11-2023 22:11:30
[09-11-2023 22:11:30] [INFO] Number of lines in file: 11

[09-11-2023 22:11:30] [INFO] new player created : test , test
[09-11-2023 22:11:30] [INFO] Number of lines in file: 4

[09-11-2023 22:11:30] [INFO] Number of lines in file: 7



New session started at 09-11-2023 22:13:00
[09-11-2023 22:13:00] [INFO] Number of lines in file: 11

[09-11-2023 22:13:00] [INFO] new player created : test , test
[09-11-2023 22:13:00] [INFO] Number of lines in file: 4

[09-11-2023 22:13:00] [INFO] Number of lines in file: 7



New session started at 09-11-2023 22:14:21
[09-11-2023 22:14:21] [INFO] Number of lines in file: 11

[09-11-2023 22:14:21] [INFO] new player created : test , test
[09-11-2023 22:14:21] [INFO] Number of lines in file: 4

[09-11-2023 22:14:21] [INFO] Number of lines in file: 7



New session started at 09-11-2023 22:24:27
[09-11-2023 22:24:27] [INFO] Number of lines in file: 11

[09-11-2023 22:24:27] [INFO] new player created : test , test
[09-11-2023 22:24:27] [INFO] Number of lines in file: 4

[09-11-2023 22:24:27] [INFO] Number of lines in file: 7



New session started at 09-11-2023 22:25:22
[09-11-2023 22:25:22] [INFO] Number of lines in file: 11

[09-11-2023 22:25:22] [INFO] new player created : test , test
[09-11-2023 22:25:22] [INFO] Number of lines in file: 4

[09-11-2023 22:25:22] [INFO] Number of lines in file: 7

[09-11-2023 22:25:22] [[31mERROR[0m] messageID is NULL
[09-11-2023 22:25:22] [[31mERROR[0m] messageID is NULL


New session started at 09-11-2023 22:25:40
[09-11-2023 22:25:40] [INFO] Number of lines in file: 11

[09-11-2023 22:25:40] [INFO] new player created : test , test
[09-11-2023 22:25:40] [INFO] Number of lines in file: 4

[09-11-2023 22:25:40] [INFO] Number of lines in file: 7

[09-11-2023 22:25:40] [[31mERROR[0m] messageID is NULL
[09-11-2023 22:25:40] [[31mERROR[0m] messageID is NULL
[09-11-2023 22:25:41] [[31mERROR[0m] messageID is NULL
[09-11-2023 22:25:41] [[31mERROR[0m] messageID is NULL
[09-11-2023 22:25:41] [[31mERROR[0m] messageID is NULL
[09-11-2023 22:25:41] [[31mERROR[0m] messageID is NULL
[09-11-2023 22:25:41] [[31mERROR[0m] messageID is NULL
[09-11-2023 22:25:41] [[31mERROR[0m] messageID is NULL
[09-11-2023 22:25:42] [[31mERROR[0m] messageID is NULL
[09-11-2023 22:25:42] [[31mERROR[0m] messageID is NULL
[09-11-2023 22:25:42] [[31mERROR[0m] messageID is NULL
[09-11-2023 22:25:42] [[31mERROR[0m] messageID is NULL
[09-11-2023 22:25:42] [[31mERROR[0m] messageID is NULL
[09-11-2023 22:25:42] [[31mERROR[0m] messageID is NULL
[09-11-2023 22:25:42] [[31mERROR[0m] messageID is NULL
[09-11-2023 22:25:42] [[31mERROR[0m] messageID is NULL
[09-11-2023 22:25:42] [[31mERROR[0m] messageID is NULL
[09-11-2023 22:25:42] [[31mERROR[0m] messageID is NULL
[09-11-2023 22:25:42] [[31mERROR[0m] messageID is NULL
[09-11-2023 22:25:42] [[31mERROR[0m] messageID is NULL
[09-11-2023 22:25:42] [[31mERROR[0m] messageID is NULL
[09-11-2023 22:25:42] [[31mERROR[0m] messageID is NULL
[09-11-2023 22:25:42] [[31mERROR[0m] messageID is NULL
[09-11-2023 22:25:42] [[31mERROR[0m] messageID is NULL
[09-11-2023 22:25:42] [[31mERROR[0m] messageID is NULL
[09-11-2023 22:25:42] [[31mERROR[0m] messageID is NULL
[09-11-2023 22:25:42] [[31mERROR[0m] messageID is NULL
[09-11-2023 22:25:42] [[31mERROR[0m] messageID is NULL
[09-11-2023 22:25:42] [[31mERROR[0m] messageID is NULL
[09-11-2023 22:25:42] [[31mERROR[0m] messageID is NULL
[09-11-2023 22:25:42] [[31mERROR[0m] messageID is NULL
[09-11-2023 22:25:42] [[31mERROR[0m] messageID is NULL
[09-11-2023 22:25:43] [[31mERROR[0m] messageID is NULL
[09-11-2023 22:25:43] [[31mERROR[0m] messageID is NULL
[09-11-2023 22:25:43] [[31mERROR[0m] messageID is NULL
[09-11-2023 22:25:43] [[31mERROR[0m] messageID is NULL
[09-11-2023 22:25:43] [[31mERROR[0m] messageID is NULL
[09-11-2023 22:25:43] [[31mERROR[0m] messageID is NULL
[09-11-2023 22:25:43] [[31mERROR[0m] messageID is NULL
[09-11-2023 22:25:43] [[31mERROR[0m] messageID is NULL
[09-11-2023 22:25:43] [[31mERROR[0m] messageID is NULL
[09-11-2023 22:25:43] [[31mERROR[0m] messageID is NULL
[09-11-2023 22:25:43] [[31mERROR[0m] messageID is NULL
[09-11-2023 22:25:43] [[31mERROR[0m] messageID is NULL
[09-11-2023 22:25:43] [[31mERROR[0m] messageID is NULL
[09-11-2023 22:25:43] [[31mERROR[0m] messageID is NULL
[09-11-2023 22:25:43] [[31mERROR[0m] messageID is NULL
[09-11-2023 22:25:43] [[31mERROR[0m] messageID is NULL
[09-11-2023 22:25:43] [[31mERROR[0m] messageID is NULL
[09-11-2023 22:25:43] [[31mERROR[0m] messageID is NULL
[09-11-2023 22:25:43] [[31mERROR[0m] messageID is NULL
[09-11-2023 22:25:43] [[31mERROR[0m] messageID is NULL
[09-11-2023 22:25:43] [[31mERROR[0m] messageID is NULL
[09-11-2023 22:25:43] [[31mERROR[0m] messageID is NULL
[09-11-2023 22:25:43] [[31mERROR[0m] messageID is NULL
[09-11-2023 22:25:43] [[31mERROR[0m] messageID is NULL
[09-11-2023 22:25:44] [[31mERROR[0m] messageID is NULL
[09-11-2023 22:25:44] [[31mERROR[0m] messageID is NULL
[09-11-2023 22:25:44] [[31mERROR[0m] messageID is NULL
[09-11-2023 22:25:44] [[31mERROR[0m] messageID is NULL
[09-11-2023 22:25:44] [[31mERROR[0m] messageID is NULL
[09-11-2023 22:25:44] [[31mERROR[0m] messageID is NULL
[09-11-2023 22:25:44] [[31mERROR[0m] messageID is NULL
[09-11-2023 22:25:44] [[31mERROR[0m] messageID is NULL
[09-11-2023 22:25:44] [[31mERROR[0m] messageID is NULL
[09-11-2023 22:25:44] [[31mERROR[0m] messageID is NULL
[09-11-2023 22:25:44] [[31mERROR[0m] messageID is NULL
[09-11-2023 22:25:44] [[31mERROR[0m] messageID is NULL
[09-11-2023 22:25:44] [[31mERROR[0m] messageID is NULL
[09-11-2023 22:25:44] [[31mERROR[0m] messageID is NULL
[09-11-2023 22:25:44] [[31mERROR[0m] messageID is NULL
[09-11-2023 22:25:44] [[31mERROR[0m] messageID is NULL
[09-11-2023 22:25:44] [[31mERROR[0m] messageID is NULL
[09-11-2023 22:25:44] [[31mERROR[0m] messageID is NULL
[09-11-2023 22:25:44] [[31mERROR[0m] messageID is NULL
[09-11-2023 22:25:44] [[31mERROR[0m] messageID is NULL
[09-11-2023 22:25:44] [[31mERROR[0m] messageID is NULL
[09-11-2023 22:25:44] [[31mERROR[0m] messageID is NULL
[09-11-2023 22:25:44] [[31mERROR[0m] messageID is NULL
[09-11-2023 22:25:44] [[31mERROR[0m] messageID is NULL
[09-11-2023 22:25:44] [[31mERROR[0m] messageID is NULL
[09-11-2023 22:25:44] [[31mERROR[0m] messageID is NULL
[09-11-2023 22:25:44] [[31mERROR[0m] messageID is NULL
[09-11-2023 22:25:44] [[31mERROR[0m] messageID is NULL
[09-11-2023 22:25:44] [[31mERROR[0m] messageID is NULL
[09-11-2023 22:25:44] [[31mERROR[0m] messageID is NULL
[09-11-2023 22:25:45] [[31mERROR[0m] messageID is NULL
[09-11-2023 22:25:45] [[31mERROR[0m] messageID is NULL
[09-11-2023 22:25:45] [[31mERROR[0m] messageID is NULL
[09-11-2023 22:25:45] [[31mERROR[0m] messageID is NULL
[09-11-2023 22:25:45] [[31mERROR[0m] messageID is NULL
[09-11-2023 22:25:45] [[31mERROR[0m] messageID is NULL
[09-11-2023 22:25:45] [[31mERROR[0m] messageID is NULL
[09-11-2023 22:25:45] [[31mERROR[0m] messageID is NULL
[09-11-2023 22:25:45] [[31mERROR[0m] messageID is NULL
[09-11-2023 22:25:45] [[31mERROR[0m] messageID is NULL
[09-11-2023 22:25:45] [[31mERROR[0m] messageID is NULL
[09-11-2023 22:25:45] [[31mERROR[0m] messageID is NULL
[09-11-2023 22:25:45] [[31mERROR[0m] messageID is NULL
[09-11-2023 22:25:45] [[31mERROR[0m] messageID is NULL
[09-11-2023 22:25:45] [[31mERROR[0m] messageID is NULL
[09-11-2023 22:25:45] [[31mERROR[0m] messageID is NULL
[09-11-2023 22:25:45] [[31mERROR[0m] messageID is NULL
[09-11-2023 22:25:45] [[31mERROR[0m] messageID is NULL
[09-11-2023 22:25:45] [[31mERROR[0m] messageID is NULL
[09-11-2023 22:25:45] [[31mERROR[0m] messageID is NULL
[09-11-2023 22:25:45] [[31mERROR[0m] messageID is NULL
[09-11-2023 22:25:45] [[31mERROR[0m] messageID is NULL
[09-11-2023 22:25:45] [[31mERROR[0m] messageID is NULL
[09-11-2023 22:25:45] [[31mERROR[0m] messageID is NULL
[09-11-2023 22:25:45] [[31mERROR[0m] messageID is NULL
[09-11-2023 22:25:45] [[31mERROR[0m] messageID is NULL
[09-11-2023 22:25:45] [[31mERROR[0m] messageID is NULL
[09-11-2023 22:25:45] [[31mERROR[0m] messageID is NULL
[09-11-2023 22:25:45] [[31mERROR[0m] messageID is NULL
[09-11-2023 22:25:45] [[31mERROR[0m] messageID is NULL
[09-11-2023 22:25:46] [[31mERROR[0m] messageID is NULL
[09-11-2023 22:25:46] [[31mERROR[0m] messageID is NULL
[09-11-2023 22:25:46] [[31mERROR[0m] messageID is NULL
[09-11-2023 22:25:46] [[31mERROR[0m] messageID is NULL
[09-11-2023 22:25:46] [[31mERROR[0m] messageID is NULL
[09-11-2023 22:25:46] [[31mERROR[0m] messageID is NULL
[09-11-2023 22:25:46] [[31mERROR[0m] messageID is NULL
[09-11-2023 22:25:46] [[31mERROR[0m] messageID is NULL
[09-11-2023 22:25:46] [[31mERROR[0m] messageID is NULL
[09-11-2023 22:25:46] [[31mERROR[0m] messageID is NULL
[09-11-2023 22:25:46] [[31mERROR[0m] messageID is NULL
[09-11-2023 22:25:46] [[31mERROR[0m] messageID is NULL
[09-11-2023 22:25:46] [[31mERROR[0m] messageID is NULL
[09-11-2023 22:25:46] [[31mERROR[0m] messageID is NULL
[09-11-2023 22:25:46] [[31mERROR[0m] messageID is NULL
[09-11-2023 22:25:46] [[31mERROR[0m] messageID is NULL
[09-11-2023 22:25:46] [[31mERROR[0m] messageID is NULL
[09-11-2023 22:25:46] [[31mERROR[0m] messageID is NULL
[09-11-2023 22:25:46] [[31mERROR[0m] messageID is NULL
[09-11-2023 22:25:46] [[31mERROR[0m] messageID is NULL
[09-11-2023 22:25:46] [[31mERROR[0m] messageID is NULL
[09-11-2023 22:25:46] [[31mERROR[0m] messageID is NULL
[09-11-2023 22:25:46] [[31mERROR[0m] messageID is NULL
[09-11-2023 22:25:46] [[31mERROR[0m] messageID is NULL
[09-11-2023 22:25:46] [[31mERROR[0m] messageID is NULL
[09-11-2023 22:25:46] [[31mERROR[0m] messageID is NULL
[09-11-2023 22:25:46] [[31mERROR[0m] messageID is NULL
[09-11-2023 22:25:46] [[31mERROR[0m] messageID is NULL
[09-11-2023 22:25:46] [[31mERROR[0m] messageID is NULL
[09-11-2023 22:25:46] [[31mERROR[0m] messageID is NULL
[09-11-2023 22:25:47] [[31mERROR[0m] messageID is NULL
[09-11-2023 22:25:47] [[31mERROR[0m] messageID is NULL
[09-11-2023 22:25:47] [[31mERROR[0m] messageID is NULL
[09-11-2023 22:25:47] [[31mERROR[0m] messageID is NULL
[09-11-2023 22:25:47] [[31mERROR[0m] messageID is NULL
[09-11-2023 22:25:47] [[31mERROR[0m] messageID is NULL
[09-11-2023 22:25:47] [[31mERROR[0m] messageID is NULL
[09-11-2023 22:25:47] [[31mERROR[0m] messageID is NULL
[09-11-2023 22:25:47] [[31mERROR[0m] messageID is NULL
[09-11-2023 22:25:47] [[31mERROR[0m] messageID is NULL
[09-11-2023 22:25:47] [[31mERROR[0m] messageID is NULL
[09-11-2023 22:25:47] [[31mERROR[0m] messageID is NULL
[09-11-2023 22:25:47] [[31mERROR[0m] messageID is NULL
[09-11-2023 22:25:47] [[31mERROR[0m] messageID is NULL
[09-11-2023 22:25:47] [[31mERROR[0m] messageID is NULL
[09-11-2023 22:25:47] [[31mERROR[0m] messageID is NULL
[09-11-2023 22:25:47] [[31mERROR[0m] messageID is NULL
[09-11-2023 22:25:47] [[31mERROR[0m] messageID is NULL
[09-11-2023 22:25:47] [[31mERROR[0m] messageID is NULL
[09-11-2023 22:25:47] [[31mERROR[0m] messageID is NULL
[09-11-2023 22:25:47] [[31mERROR[0m] messageID is NULL
[09-11-2023 22:25:47] [[31mERROR[0m] messageID is NULL
[09-11-2023 22:25:47] [[31mERROR[0m] messageID is NULL
[09-11-2023 22:25:47] [[31mERROR[0m] messageID is NULL


New session started at 09-11-2023 22:31:46
[09-11-2023 22:31:46] [INFO] Number of lines in file: 11

[09-11-2023 22:31:46] [INFO] new player created : test , test
[09-11-2023 22:31:46] [INFO] Number of lines in file: 4

[09-11-2023 22:31:46] [INFO] Number of lines in file: 7



New session started at 09-11-2023 22:31:56
[09-11-2023 22:31:56] [INFO] Number of lines in file: 11

[09-11-2023 22:31:56] [INFO] new player created : test , test
[09-11-2023 22:31:56] [INFO] Number of lines in file: 4

[09-11-2023 22:31:56] [INFO] Number of lines in file: 7



New session started at 09-11-2023 22:35:00
[09-11-2023 22:35:00] [INFO] Number of lines in file: 11

[09-11-2023 22:35:00] [INFO] new player created : test , test
[09-11-2023 22:35:00] [INFO] Number of lines in file: 4

[09-11-2023 22:35:00] [INFO] Number of lines in file: 7



New session started at 11-11-2023 16:32:12
[11-11-2023 16:32:12] [INFO] Number of lines in file: 11

[11-11-2023 16:32:12] [INFO] new player created : test , test
[11-11-2023 16:32:12] [INFO] Number of lines in file: 4

[11-11-2023 16:32:12] [INFO] Number of lines in file: 7



New session started at 11-11-2023 17:56:48
[11-11-2023 17:56:48] [INFO] Number of lines in file: 11

[11-11-2023 17:56:48] [INFO] new player created : test , test
[11-11-2023 17:56:48] [INFO] Number of lines in file: 4

[11-11-2023 17:56:48] [INFO] Number of lines in file: 7



New session started at 11-11-2023 17:57:59
[11-11-2023 17:57:59] [INFO] Number of lines in file: 11

[11-11-2023 17:57:59] [INFO] new player created : test , test
[11-11-2023 17:57:59] [INFO] Number of lines in file: 4

[11-11-2023 17:57:59] [INFO] Number of lines in file: 7



New session started at 11-11-2023 18:02:42
[11-11-2023 18:02:42] [INFO] Number of lines in file: 11

[11-11-2023 18:02:42] [INFO] new player created : test , test
[11-11-2023 18:02:42] [INFO] Number of lines in file: 4

[11-11-2023 18:02:42] [INFO] Number of lines in file: 7



New session started at 11-11-2023 18:04:16
[11-11-2023 18:04:16] [INFO] Number of lines in file: 11

[11-11-2023 18:04:16] [INFO] new player created : test , test
[11-11-2023 18:04:16] [INFO] Number of lines in file: 4

[11-11-2023 18:04:16] [INFO] Number of lines in file: 7



New session started at 11-11-2023 18:05:07
[11-11-2023 18:05:07] [INFO] Number of lines in file: 11

[11-11-2023 18:05:07] [INFO] new player created : test , test
[11-11-2023 18:05:07] [INFO] Number of lines in file: 4

[11-11-2023 18:05:07] [INFO] Number of lines in file: 7



New session started at 11-11-2023 18:08:47
[11-11-2023 18:08:47] [INFO] Number of lines in file: 11

[11-11-2023 18:08:47] [INFO] new player created : test , test
[11-11-2023 18:08:47] [INFO] Number of lines in file: 4

[11-11-2023 18:08:47] [INFO] Number of lines in file: 7

[11-11-2023 18:10:55] [[31mERROR[0m] messageID is NULL


New session started at 11-11-2023 18:23:10
[11-11-2023 18:23:10] [INFO] Number of lines in file: 11
[11-11-2023 18:23:10] [INFO] new player created : test , test
[11-11-2023 18:23:10] [INFO] Number of lines in file: 4
[11-11-2023 18:23:10] [INFO] Number of lines in file: 7
[11-11-2023 18:23:19] [INFO] Used Mana Potion.
[11-11-2023 18:23:19] [[31mERROR[0m] messageID is NULL
[11-11-2023 18:23:20] [[31mERROR[0m] messageID is NULL
[11-11-2023 18:23:20] [[31mERROR[0m] messageID is NULL
[11-11-2023 18:23:20] [[31mERROR[0m] messageID is NULL
[11-11-2023 18:23:22] [[31mERROR[0m] messageID is NULL
[11-11-2023 18:23:22] [[31mERROR[0m] messageID is NULL
[11-11-2023 18:23:22] [[31mERROR[0m] messageID is NULL
[11-11-2023 18:23:23] [[31mERROR[0m] messageID is NULL
[11-11-2023 18:23:23] [[31mERROR[0m] messageID is NULL
[11-11-2023 18:23:23] [[31mERROR[0m] messageID is NULL
[11-11-2023 18:23:23] [[31mERROR[0m] messageID is NULL
[11-11-2023 18:23:23] [[31mERROR[0m] messageID is NULL
[11-11-2023 18:23:23] [[31mERROR[0m] messageID is NULL
[11-11-2023 18:23:23] [[31mERROR[0m] messageID is NULL
[11-11-2023 18:23:23] [[31mERROR[0m] messageID is NULL
[11-11-2023 18:23:23] [[31mERROR[0m] messageID is NULL
[11-11-2023 18:23:24] [[31mERROR[0m] messageID is NULL
[11-11-2023 18:23:24] [[31mERROR[0m] messageID is NULL
[11-11-2023 18:23:24] [[31mERROR[0m] messageID is NULL
[11-11-2023 18:23:24] [[31mERROR[0m] messageID is NULL
[11-11-2023 18:23:24] [[31mERROR[0m] messageID is NULL
[11-11-2023 18:23:24] [[31mERROR[0m] messageID is NULL
[11-11-2023 18:23:24] [[31mERROR[0m] messageID is NULL
[11-11-2023 18:23:24] [[31mERROR[0m] messageID is NULL
[11-11-2023 18:23:24] [[31mERROR[0m] messageID is NULL
[11-11-2023 18:23:24] [[31mERROR[0m] messageID is NULL
[11-11-2023 18:23:24] [[31mERROR[0m] messageID is NULL
[11-11-2023 18:23:24] [[31mERROR[0m] messageID is NULL
[11-11-2023 18:23:27] [[31mERROR[0m] messageID is NULL
[11-11-2023 18:23:27] [[31mERROR[0m] messageID is NULL
[11-11-2023 18:23:27] [[31mERROR[0m] messageID is NULL
[11-11-2023 18:23:28] [[31mERROR[0m] messageID is NULL
[11-11-2023 18:23:28] [[31mERROR[0m] messageID is NULL
[11-11-2023 18:23:28] [[31mERROR[0m] messageID is NULL
[11-11-2023 18:23:28] [[31mERROR[0m] messageID is NULL
[11-11-2023 18:23:28] [[31mERROR[0m] messageID is NULL
[11-11-2023 18:23:28] [[31mERROR[0m] messageID is NULL
[11-11-2023 18:23:28] [[31mERROR[0m] messageID is NULL
[11-11-2023 18:23:28] [[31mERROR[0m] messageID is NULL
[11-11-2023 18:23:28] [[31mERROR[0m] messageID is NULL
[11-11-2023 18:23:29] [[31mERROR[0m] messageID is NULL
[11-11-2023 18:23:29] [[31mERROR[0m] messageID is NULL
[11-11-2023 18:23:29] [[31mERROR[0m] messageID is NULL


New session started at 11-11-2023 18:24:48
[11-11-2023 18:24:48] [INFO] Number of lines in file: 11
[11-11-2023 18:24:48] [INFO] new player created : test , test
[11-11-2023 18:24:48] [INFO] Number of lines in file: 4
[11-11-2023 18:24:48] [INFO] Number of lines in file: 7


New session started at 11-11-2023 18:25:54
[11-11-2023 18:25:54] [INFO] Number of lines in file: 11
[11-11-2023 18:25:54] [INFO] new player created : test , test
[11-11-2023 18:25:54] [INFO] Number of lines in file: 4
[11-11-2023 18:25:54] [INFO] Number of lines in file: 7
[11-11-2023 18:25:58] [INFO] Used Mana Potion.
[11-11-2023 18:26:58] [[31mERROR[0m] messageID is NULL
[11-11-2023 18:26:58] [[31mERROR[0m] messageID is NULL
[11-11-2023 18:26:58] [[31mERROR[0m] messageID is NULL
[11-11-2023 18:26:59] [[31mERROR[0m] messageID is NULL
[11-11-2023 18:26:59] [[31mERROR[0m] messageID is NULL
[11-11-2023 18:26:59] [[31mERROR[0m] messageID is NULL
[11-11-2023 18:26:59] [[31mERROR[0m] messageID is NULL
[11-11-2023 18:26:59] [[31mERROR[0m] messageID is NULL
[11-11-2023 18:26:59] [[31mERROR[0m] messageID is NULL
[11-11-2023 18:27:00] [[31mERROR[0m] messageID is NULL
[11-11-2023 18:27:00] [[31mERROR[0m] messageID is NULL
[11-11-2023 18:27:00] [[31mERROR[0m] messageID is NULL
[11-11-2023 18:27:01] [[31mERROR[0m] messageID is NULL
[11-11-2023 18:27:01] [[31mERROR[0m] messageID is NULL
[11-11-2023 18:27:01] [[31mERROR[0m] messageID is NULL
[11-11-2023 18:27:01] [[31mERROR[0m] messageID is NULL
[11-11-2023 18:27:01] [[31mERROR[0m] messageID is NULL
[11-11-2023 18:27:01] [[31mERROR[0m] messageID is NULL
[11-11-2023 18:27:01] [[31mERROR[0m] messageID is NULL
[11-11-2023 18:27:01] [[31mERROR[0m] messageID is NULL
[11-11-2023 18:27:01] [[31mERROR[0m] messageID is NULL
[11-11-2023 18:27:02] [[31mERROR[0m] messageID is NULL
[11-11-2023 18:27:02] [[31mERROR[0m] messageID is NULL
[11-11-2023 18:27:02] [[31mERROR[0m] messageID is NULL


New session started at 11-11-2023 18:27:03
[11-11-2023 18:27:03] [INFO] Number of lines in file: 11
[11-11-2023 18:27:03] [INFO] new player created : test , test
[11-11-2023 18:27:03] [INFO] Number of lines in file: 4
[11-11-2023 18:27:03] [INFO] Number of lines in file: 7


New session started at 11-11-2023 18:27:08
[11-11-2023 18:27:08] [INFO] Number of lines in file: 11
[11-11-2023 18:27:08] [INFO] new player created : test , test
[11-11-2023 18:27:08] [INFO] Number of lines in file: 4
[11-11-2023 18:27:08] [INFO] Number of lines in file: 7
[11-11-2023 18:27:09] [INFO] Used Mana Potion.
[11-11-2023 18:27:09] [[31mERROR[0m] messageID is NULL
[11-11-2023 18:27:10] [[31mERROR[0m] messageID is NULL
[11-11-2023 18:27:10] [[31mERROR[0m] messageID is NULL
[11-11-2023 18:27:10] [[31mERROR[0m] messageID is NULL
[11-11-2023 18:27:12] [[31mERROR[0m] messageID is NULL
[11-11-2023 18:27:12] [[31mERROR[0m] messageID is NULL
[11-11-2023 18:27:12] [[31mERROR[0m] messageID is NULL


New session started at 11-11-2023 18:35:21
[11-11-2023 18:35:21] [INFO] Number of lines in file: 11
[11-11-2023 18:35:21] [INFO] new player created : test , test
[11-11-2023 18:35:21] [INFO] Number of lines in file: 4
[11-11-2023 18:35:21] [INFO] Number of lines in file: 7
[11-11-2023 18:35:24] [INFO] Used Mana Potion.
[11-11-2023 18:35:24] [[31mERROR[0m] messageID is NULL
[11-11-2023 18:35:24] [[31mERROR[0m] messageID is NULL


New session started at 11-11-2023 18:35:51
[11-11-2023 18:35:51] [INFO] Number of lines in file: 11
[11-11-2023 18:35:51] [INFO] new player created : test , test
[11-11-2023 18:35:51] [INFO] Number of lines in file: 4
[11-11-2023 18:35:51] [INFO] Number of lines in file: 7
[11-11-2023 18:36:03] [INFO] Used Mana Potion.
[11-11-2023 18:36:03] [[31mERROR[0m] messageID is NULL
[11-11-2023 18:36:03] [[31mERROR[0m] messageID is NULL
[11-11-2023 18:41:38] [[31mERROR[0m] messageID is NULL
[11-11-2023 18:41:38] [[31mERROR[0m] messageID is NULL
[11-11-2023 18:41:38] [[31mERROR[0m] messageID is NULL
[11-11-2023 18:41:38] [[31mERROR[0m] messageID is NULL
[11-11-2023 18:41:38] [[31mERROR[0m] messageID is NULL
[11-11-2023 18:41:38] [[31mERROR[0m] messageID is NULL


New session started at 11-11-2023 18:41:42
[11-11-2023 18:41:42] [INFO] Number of lines in file: 11
[11-11-2023 18:41:42] [INFO] new player created : test , test
[11-11-2023 18:41:42] [INFO] Number of lines in file: 4
[11-11-2023 18:41:42] [INFO] Number of lines in file: 7
[11-11-2023 18:41:45] [INFO] Used Buff.


New session started at 11-11-2023 18:43:18
[11-11-2023 18:43:18] [INFO] Number of lines in file: 11
[11-11-2023 18:43:18] [INFO] new player created : test , test
[11-11-2023 18:43:18] [INFO] Number of lines in file: 4
[11-11-2023 18:43:18] [INFO] Number of lines in file: 7
[11-11-2023 18:43:21] [INFO] Used Healing Potion.
[11-11-2023 18:43:21] [INFO] nbrConsumableBefore: 3
[11-11-2023 18:43:21] [INFO] nbrConsumableAfter: 2


New session started at 11-11-2023 18:44:16
[11-11-2023 18:44:16] [INFO] Number of lines in file: 11
[11-11-2023 18:44:16] [INFO] new player created : test , test
[11-11-2023 18:44:16] [INFO] Number of lines in file: 4
[11-11-2023 18:44:16] [INFO] Number of lines in file: 7
[11-11-2023 18:44:17] [INFO] Used Mana Potion.
[11-11-2023 18:44:17] [INFO] nbrConsumableBefore: 3
[11-11-2023 18:44:17] [INFO] nbrConsumableAfter: 2
[11-11-2023 18:44:22] [INFO] Used .T.


New session started at 11-11-2023 18:44:30
[11-11-2023 18:44:30] [INFO] Number of lines in file: 11
[11-11-2023 18:44:30] [INFO] new player created : test , test
[11-11-2023 18:44:30] [INFO] Number of lines in file: 4
[11-11-2023 18:44:30] [INFO] Number of lines in file: 7
[11-11-2023 18:44:31] [INFO] Used Buff.
[11-11-2023 18:44:31] [INFO] nbrConsumableBefore: 3
[11-11-2023 18:44:31] [INFO] nbrConsumableAfter: 2
[11-11-2023 18:44:33] [INFO] Used Mana Potion.
[11-11-2023 18:44:33] [INFO] nbrConsumableBefore: 2
[11-11-2023 18:44:33] [INFO] nbrConsumableAfter: 1
[11-11-2023 18:44:33] [[31mERROR[0m] messageID is NULL
[11-11-2023 18:44:34] [[31mERROR[0m] messageID is NULL
[11-11-2023 18:44:34] [[31mERROR[0m] messageID is NULL
[11-11-2023 18:44:34] [[31mERROR[0m] messageID is NULL


New session started at 11-11-2023 18:44:56
[11-11-2023 18:44:56] [INFO] Number of lines in file: 11
[11-11-2023 18:44:56] [INFO] new player created : test , test
[11-11-2023 18:44:56] [INFO] Number of lines in file: 4
[11-11-2023 18:44:56] [INFO] Number of lines in file: 7
[11-11-2023 18:44:57] [INFO] Used Mana Potion.
[11-11-2023 18:44:57] [INFO] nbrConsumableBefore: 3
[11-11-2023 18:44:57] [INFO] nbrConsumableAfter: 2
[11-11-2023 18:45:00] [INFO] Used Mana Potion.
[11-11-2023 18:45:00] [INFO] nbrConsumableBefore: 2
[11-11-2023 18:45:00] [INFO] nbrConsumableAfter: 1


New session started at 11-11-2023 18:48:44
[11-11-2023 18:48:44] [INFO] Number of lines in file: 11
[11-11-2023 18:48:44] [INFO] new player created : test , test
[11-11-2023 18:48:44] [INFO] Number of lines in file: 4
[11-11-2023 18:48:44] [INFO] Number of lines in file: 7
[11-11-2023 18:48:47] [INFO] Used Mana Potion.
[11-11-2023 18:48:47] [INFO] nbrConsumableBefore: 3
[11-11-2023 18:48:47] [INFO] nbrConsumableAfter: 2
[11-11-2023 18:48:50] [INFO] Used Mana Potion.
[11-11-2023 18:48:50] [INFO] nbrConsumableBefore: 2
[11-11-2023 18:48:50] [INFO] nbrConsumableAfter: 1
[11-11-2023 18:48:52] [INFO] Used Mana Potion.
[11-11-2023 18:48:52] [INFO] nbrConsumableBefore: 1
[11-11-2023 18:48:52] [INFO] nbrConsumableAfter: 0


New session started at 11-11-2023 18:49:01
[11-11-2023 18:49:01] [INFO] Number of lines in file: 11
[11-11-2023 18:49:01] [INFO] new player created : test , test
[11-11-2023 18:49:01] [INFO] Number of lines in file: 4
[11-11-2023 18:49:01] [INFO] Number of lines in file: 7
[11-11-2023 18:49:03] [INFO] Used Mana Potion.
[11-11-2023 18:49:03] [INFO] nbrConsumableBefore: 3
[11-11-2023 18:49:03] [INFO] nbrConsumableAfter: 2
[11-11-2023 18:49:04] [INFO] Used Mana Potion.
[11-11-2023 18:49:04] [INFO] nbrConsumableBefore: 2
[11-11-2023 18:49:04] [INFO] nbrConsumableAfter: 1
[11-11-2023 18:49:04] [INFO] Used Mana Potion.
[11-11-2023 18:49:04] [INFO] nbrConsumableBefore: 1
[11-11-2023 18:49:04] [INFO] nbrConsumableAfter: 0


New session started at 11-11-2023 18:49:08
[11-11-2023 18:49:08] [INFO] Number of lines in file: 11
[11-11-2023 18:49:08] [INFO] new player created : test , test
[11-11-2023 18:49:08] [INFO] Number of lines in file: 4
[11-11-2023 18:49:08] [INFO] Number of lines in file: 7
[11-11-2023 18:49:09] [INFO] Used Mana Potion.
[11-11-2023 18:49:09] [INFO] nbrConsumableBefore: 3
[11-11-2023 18:49:09] [INFO] nbrConsumableAfter: 2
[11-11-2023 18:49:09] [INFO] Used Bandage.
[11-11-2023 18:49:09] [INFO] nbrConsumableBefore: 2
[11-11-2023 18:49:09] [INFO] nbrConsumableAfter: 1
[11-11-2023 18:49:10] [INFO] Used Bandage.
[11-11-2023 18:49:10] [INFO] nbrConsumableBefore: 1
[11-11-2023 18:49:10] [INFO] nbrConsumableAfter: 0


New session started at 11-11-2023 18:49:14
[11-11-2023 18:49:14] [INFO] Number of lines in file: 11
[11-11-2023 18:49:14] [INFO] new player created : test , test
[11-11-2023 18:49:14] [INFO] Number of lines in file: 4
[11-11-2023 18:49:14] [INFO] Number of lines in file: 7
[11-11-2023 18:49:14] [INFO] Used Mana Potion.
[11-11-2023 18:49:14] [INFO] nbrConsumableBefore: 3
[11-11-2023 18:49:14] [INFO] nbrConsumableAfter: 2
[11-11-2023 18:49:15] [INFO] Used Healing Potion.
[11-11-2023 18:49:15] [INFO] nbrConsumableBefore: 2
[11-11-2023 18:49:15] [INFO] nbrConsumableAfter: 1
[11-11-2023 18:49:15] [INFO] Used Healing Potion.
[11-11-2023 18:49:15] [INFO] nbrConsumableBefore: 1
[11-11-2023 18:49:15] [INFO] nbrConsumableAfter: 0


New session started at 11-11-2023 18:49:20
[11-11-2023 18:49:20] [INFO] Number of lines in file: 11
[11-11-2023 18:49:20] [INFO] new player created : test , test
[11-11-2023 18:49:20] [INFO] Number of lines in file: 4
[11-11-2023 18:49:20] [INFO] Number of lines in file: 7
[11-11-2023 18:49:22] [INFO] Used Mana Potion.
[11-11-2023 18:49:22] [INFO] nbrConsumableBefore: 3
[11-11-2023 18:49:22] [INFO] nbrConsumableAfter: 2
[11-11-2023 18:49:25] [INFO] Used Buff.
[11-11-2023 18:49:25] [INFO] nbrConsumableBefore: 2
[11-11-2023 18:49:25] [INFO] nbrConsumableAfter: 1
[11-11-2023 18:49:28] [INFO] Used Buff.
[11-11-2023 18:49:28] [INFO] nbrConsumableBefore: 1
[11-11-2023 18:49:28] [INFO] nbrConsumableAfter: 0


New session started at 11-11-2023 18:49:34
[11-11-2023 18:49:34] [INFO] Number of lines in file: 11
[11-11-2023 18:49:34] [INFO] new player created : test , test
[11-11-2023 18:49:34] [INFO] Number of lines in file: 4
[11-11-2023 18:49:34] [INFO] Number of lines in file: 7
[11-11-2023 18:49:35] [INFO] Used Mana Potion.
[11-11-2023 18:49:35] [INFO] nbrConsumableBefore: 3
[11-11-2023 18:49:35] [INFO] nbrConsumableAfter: 2


New session started at 11-11-2023 18:49:49
[11-11-2023 18:49:49] [INFO] Number of lines in file: 11
[11-11-2023 18:49:49] [INFO] new player created : test , test
[11-11-2023 18:49:49] [INFO] Number of lines in file: 4
[11-11-2023 18:49:49] [INFO] Number of lines in file: 7


New session started at 11-11-2023 18:49:53
[11-11-2023 18:49:53] [INFO] Number of lines in file: 11
[11-11-2023 18:49:53] [INFO] new player created : test , test
[11-11-2023 18:49:53] [INFO] Number of lines in file: 4
[11-11-2023 18:49:53] [INFO] Number of lines in file: 7


New session started at 11-11-2023 18:49:56
[11-11-2023 18:49:56] [INFO] Number of lines in file: 11
[11-11-2023 18:49:56] [INFO] new player created : test , test
[11-11-2023 18:49:56] [INFO] Number of lines in file: 4
[11-11-2023 18:49:56] [INFO] Number of lines in file: 7
[11-11-2023 18:49:59] [INFO] Used Bandage.
[11-11-2023 18:49:59] [INFO] nbrConsumableBefore: 3
[11-11-2023 18:49:59] [INFO] nbrConsumableAfter: 2


New session started at 11-11-2023 18:52:28
[11-11-2023 18:52:28] [INFO] Number of lines in file: 11
[11-11-2023 18:52:28] [INFO] new player created : test , test
[11-11-2023 18:52:28] [INFO] Number of lines in file: 4
[11-11-2023 18:52:28] [INFO] Number of lines in file: 7


New session started at 11-11-2023 18:52:32
[11-11-2023 18:52:32] [INFO] Number of lines in file: 11
[11-11-2023 18:52:32] [INFO] new player created : test , test
[11-11-2023 18:52:32] [INFO] Number of lines in file: 4
[11-11-2023 18:52:32] [INFO] Number of lines in file: 7


New session started at 11-11-2023 18:52:35
[11-11-2023 18:52:35] [INFO] Number of lines in file: 11
[11-11-2023 18:52:35] [INFO] new player created : test , test
[11-11-2023 18:52:35] [INFO] Number of lines in file: 4
[11-11-2023 18:52:35] [INFO] Number of lines in file: 7


New session started at 11-11-2023 18:52:39
[11-11-2023 18:52:39] [INFO] Number of lines in file: 11
[11-11-2023 18:52:39] [INFO] new player created : test , test
[11-11-2023 18:52:39] [INFO] Number of lines in file: 4
[11-11-2023 18:52:39] [INFO] Number of lines in file: 7
[11-11-2023 18:52:42] [INFO] Used Healing Potion.
[11-11-2023 18:52:42] [INFO] nbrConsumableBefore: 3
[11-11-2023 18:52:42] [INFO] nbrConsumableAfter: 2


New session started at 12-11-2023 10:23:32
[12-11-2023 10:23:32] [INFO] Number of lines in file: 11
[12-11-2023 10:23:32] [INFO] new player created : test , test
[12-11-2023 10:23:32] [INFO] Number of lines in file: 4
[12-11-2023 10:23:32] [INFO] Number of lines in file: 7


New session started at 12-11-2023 10:24:11
[12-11-2023 10:24:11] [INFO] Number of lines in file: 11
[12-11-2023 10:24:11] [INFO] new player created : test , test
[12-11-2023 10:24:11] [INFO] Number of lines in file: 4
[12-11-2023 10:24:11] [INFO] Number of lines in file: 7
[12-11-2023 10:24:29] [INFO] equipment added to player inventory : test


New session started at 12-11-2023 10:30:11
[12-11-2023 10:30:11] [INFO] Number of lines in file: 11
[12-11-2023 10:30:11] [INFO] new player created : test , test
[12-11-2023 10:30:11] [INFO] Number of lines in file: 4
[12-11-2023 10:30:11] [INFO] Number of lines in file: 7
[12-11-2023 10:30:53] [INFO] equipment added to player inventory : test


New session started at 12-11-2023 10:30:58
[12-11-2023 10:30:58] [INFO] Number of lines in file: 11
[12-11-2023 10:30:58] [INFO] new player created : test , test
[12-11-2023 10:30:58] [INFO] Number of lines in file: 4
[12-11-2023 10:30:58] [INFO] Number of lines in file: 7
[12-11-2023 10:31:25] [INFO] nbrConsumableBefore: 7
[12-11-2023 10:31:25] [INFO] nbrConsumableAfter: 6
[12-11-2023 10:31:39] [INFO] equipment added to player inventory : test


New session started at 12-11-2023 10:32:57
[12-11-2023 10:32:57] [INFO] Number of lines in file: 11
[12-11-2023 10:32:57] [INFO] new player created : test , test
[12-11-2023 10:32:57] [INFO] Number of lines in file: 4
[12-11-2023 10:32:57] [INFO] Number of lines in file: 7
[12-11-2023 10:33:09] [INFO] nbrConsumableBefore: 704659584
[12-11-2023 10:33:09] [INFO] nbrConsumableAfter: 2
[12-11-2023 10:33:18] [INFO] equipment added to player inventory : test


New session started at 12-11-2023 10:37:08
[12-11-2023 10:37:08] [INFO] Number of lines in file: 11
[12-11-2023 10:37:08] [INFO] new player created : test , test
[12-11-2023 10:37:08] [INFO] Number of lines in file: 4
[12-11-2023 10:37:08] [INFO] Number of lines in file: 7
[12-11-2023 10:37:16] [INFO] nbrConsumableBefore: 1029720608
[12-11-2023 10:37:16] [INFO] nbrConsumableAfter: 2
[12-11-2023 10:38:55] [INFO] equipment added to player inventory : test


New session started at 12-11-2023 10:38:57
[12-11-2023 10:38:57] [INFO] Number of lines in file: 11
[12-11-2023 10:38:57] [INFO] new player created : test , test
[12-11-2023 10:38:57] [INFO] Number of lines in file: 4
[12-11-2023 10:38:57] [INFO] Number of lines in file: 7
[12-11-2023 10:38:59] [INFO] nbrConsumableBefore: 1356876320
[12-11-2023 10:38:59] [INFO] nbrConsumableAfter: 2
[12-11-2023 10:38:59] [INFO] equipment added to player inventory : test


New session started at 12-11-2023 10:39:13
[12-11-2023 10:39:13] [INFO] Number of lines in file: 11
[12-11-2023 10:39:13] [INFO] new player created : test , test
[12-11-2023 10:39:13] [INFO] Number of lines in file: 4
[12-11-2023 10:39:13] [INFO] Number of lines in file: 7
[12-11-2023 10:39:16] [INFO] nbrConsumableBefore: 1483752576
[12-11-2023 10:39:16] [INFO] nbrConsumableAfter: 2
[12-11-2023 10:39:16] [INFO] equipment added to player inventory : test


New session started at 12-11-2023 10:40:09
[12-11-2023 10:40:09] [INFO] Number of lines in file: 11
[12-11-2023 10:40:09] [INFO] new player created : test , test
[12-11-2023 10:40:09] [INFO] Number of lines in file: 4
[12-11-2023 10:40:09] [INFO] Number of lines in file: 7
[12-11-2023 10:40:13] [INFO] nbrConsumableBefore: 996166176
[12-11-2023 10:40:13] [INFO] nbrConsumableAfter: 2
[12-11-2023 10:40:13] [INFO] equipment added to player inventory : test


New session started at 12-11-2023 13:43:27
[12-11-2023 13:43:27] [INFO] Number of lines in file: 11
[12-11-2023 13:43:27] [INFO] new player created : test , test
[12-11-2023 13:43:27] [INFO] Number of lines in file: 4
[12-11-2023 13:43:27] [INFO] Number of lines in file: 7
[12-11-2023 13:43:34] [INFO] nbrConsumableBefore: 871383168
[12-11-2023 13:43:34] [INFO] nbrConsumableAfter: 2
[12-11-2023 13:43:34] [INFO] equipment added to player inventory : test


New session started at 12-11-2023 16:29:16
[12-11-2023 16:30:02] [INFO] Number of lines in file: 4
[12-11-2023 16:30:02] [INFO] new player created : tets , tets


New session started at 12-11-2023 16:34:11
[12-11-2023 16:34:16] [INFO] Number of lines in file: 4
[12-11-2023 16:34:16] [INFO] new player created : [Bets , [Bets


New session started at 12-11-2023 16:50:34
[12-11-2023 16:51:03] [INFO] Language selected: FR
[12-11-2023 16:51:03] [INFO] Number of lines in file: 11
[12-11-2023 16:51:03] [INFO] new player created : [Atest , [Atest


New session started at 12-11-2023 16:51:17
[12-11-2023 16:51:28] [INFO] Language selected: EN
[12-11-2023 16:51:28] [INFO] Number of lines in file: 4
[12-11-2023 16:51:28] [INFO] new player created : test , test


New session started at 12-11-2023 18:56:48
[12-11-2023 18:56:55] [INFO] Language selected: FR
[12-11-2023 18:56:55] [INFO] Number of lines in file: 11
[12-11-2023 18:56:55] [INFO] new player created : [Atets , [Atets


New session started at 12-11-2023 18:58:52
[12-11-2023 18:59:05] [INFO] Language selected: FR
[12-11-2023 18:59:05] [INFO] Number of lines in file: 11
[12-11-2023 18:59:05] [INFO] new player created : test , test


New session started at 12-11-2023 18:59:37
[12-11-2023 18:59:52] [INFO] Language selected: EN
[12-11-2023 18:59:52] [INFO] Number of lines in file: 4
[12-11-2023 18:59:52] [INFO] new player created : test , test


New session started at 12-11-2023 19:01:16
[12-11-2023 19:01:23] [INFO] Language selected: FR
[12-11-2023 19:01:23] [INFO] Number of lines in file: 58
[12-11-2023 19:01:23] [INFO] new player created : test , test
